Analysis & Synthesis report for project02
Wed Jan 03 21:05:44 2018
Quartus II 64-Bit Version 13.1.0 Build 162 10/23/2013 SJ Web Edition


---------------------
; Table of Contents ;
---------------------
  1. Legal Notice
  2. Analysis & Synthesis Summary
  3. Analysis & Synthesis Settings
  4. Parallel Compilation
  5. Analysis & Synthesis Source Files Read
  6. Analysis & Synthesis Resource Usage Summary
  7. Analysis & Synthesis Resource Utilization by Entity
  8. User-Specified and Inferred Latches
  9. Logic Cells Representing Combinational Loops
 10. Registers Removed During Synthesis
 11. General Register Statistics
 12. Multiplexer Restructuring Statistics (Restructuring Performed)
 13. Elapsed Time Per Partition
 14. Analysis & Synthesis Messages



----------------
; Legal Notice ;
----------------
Copyright (C) 1991-2013 Altera Corporation
Your use of Altera Corporation's design tools, logic functions 
and other software and tools, and its AMPP partner logic 
functions, and any output files from any of the foregoing 
(including device programming or simulation files), and any 
associated documentation or information are expressly subject 
to the terms and conditions of the Altera Program License 
Subscription Agreement, Altera MegaCore Function License 
Agreement, or other applicable license agreement, including, 
without limitation, that your use is for the sole purpose of 
programming logic devices manufactured by Altera and sold by 
Altera or its authorized distributors.  Please refer to the 
applicable agreement for further details.



+---------------------------------------------------------------------------------+
; Analysis & Synthesis Summary                                                    ;
+------------------------------------+--------------------------------------------+
; Analysis & Synthesis Status        ; Successful - Wed Jan 03 21:05:44 2018      ;
; Quartus II 64-Bit Version          ; 13.1.0 Build 162 10/23/2013 SJ Web Edition ;
; Revision Name                      ; project02                                  ;
; Top-level Entity Name              ; mips_core                                  ;
; Family                             ; Cyclone III                                ;
; Total logic elements               ; 194                                        ;
;     Total combinational functions  ; 194                                        ;
;     Dedicated logic registers      ; 0                                          ;
; Total registers                    ; 0                                          ;
; Total pins                         ; 32                                         ;
; Total virtual pins                 ; 0                                          ;
; Total memory bits                  ; 0                                          ;
; Embedded Multiplier 9-bit elements ; 0                                          ;
; Total PLLs                         ; 0                                          ;
+------------------------------------+--------------------------------------------+


+----------------------------------------------------------------------------------------------------------------------+
; Analysis & Synthesis Settings                                                                                        ;
+----------------------------------------------------------------------------+--------------------+--------------------+
; Option                                                                     ; Setting            ; Default Value      ;
+----------------------------------------------------------------------------+--------------------+--------------------+
; Device                                                                     ; EP3C16F484C6       ;                    ;
; Top-level entity name                                                      ; mips_core          ; project02          ;
; Family name                                                                ; Cyclone III        ; Cyclone IV GX      ;
; Use smart compilation                                                      ; Off                ; Off                ;
; Enable parallel Assembler and TimeQuest Timing Analyzer during compilation ; On                 ; On                 ;
; Enable compact report table                                                ; Off                ; Off                ;
; Restructure Multiplexers                                                   ; Auto               ; Auto               ;
; Create Debugging Nodes for IP Cores                                        ; Off                ; Off                ;
; Preserve fewer node names                                                  ; On                 ; On                 ;
; Disable OpenCore Plus hardware evaluation                                  ; Off                ; Off                ;
; Verilog Version                                                            ; Verilog_2001       ; Verilog_2001       ;
; VHDL Version                                                               ; VHDL_1993          ; VHDL_1993          ;
; State Machine Processing                                                   ; Auto               ; Auto               ;
; Safe State Machine                                                         ; Off                ; Off                ;
; Extract Verilog State Machines                                             ; On                 ; On                 ;
; Extract VHDL State Machines                                                ; On                 ; On                 ;
; Ignore Verilog initial constructs                                          ; Off                ; Off                ;
; Iteration limit for constant Verilog loops                                 ; 5000               ; 5000               ;
; Iteration limit for non-constant Verilog loops                             ; 250                ; 250                ;
; Add Pass-Through Logic to Inferred RAMs                                    ; On                 ; On                 ;
; Infer RAMs from Raw Logic                                                  ; On                 ; On                 ;
; Parallel Synthesis                                                         ; On                 ; On                 ;
; DSP Block Balancing                                                        ; Auto               ; Auto               ;
; NOT Gate Push-Back                                                         ; On                 ; On                 ;
; Power-Up Don't Care                                                        ; On                 ; On                 ;
; Remove Redundant Logic Cells                                               ; Off                ; Off                ;
; Remove Duplicate Registers                                                 ; On                 ; On                 ;
; Ignore CARRY Buffers                                                       ; Off                ; Off                ;
; Ignore CASCADE Buffers                                                     ; Off                ; Off                ;
; Ignore GLOBAL Buffers                                                      ; Off                ; Off                ;
; Ignore ROW GLOBAL Buffers                                                  ; Off                ; Off                ;
; Ignore LCELL Buffers                                                       ; Off                ; Off                ;
; Ignore SOFT Buffers                                                        ; On                 ; On                 ;
; Limit AHDL Integers to 32 Bits                                             ; Off                ; Off                ;
; Optimization Technique                                                     ; Balanced           ; Balanced           ;
; Carry Chain Length                                                         ; 70                 ; 70                 ;
; Auto Carry Chains                                                          ; On                 ; On                 ;
; Auto Open-Drain Pins                                                       ; On                 ; On                 ;
; Perform WYSIWYG Primitive Resynthesis                                      ; Off                ; Off                ;
; Auto ROM Replacement                                                       ; On                 ; On                 ;
; Auto RAM Replacement                                                       ; On                 ; On                 ;
; Auto DSP Block Replacement                                                 ; On                 ; On                 ;
; Auto Shift Register Replacement                                            ; Auto               ; Auto               ;
; Allow Shift Register Merging across Hierarchies                            ; Auto               ; Auto               ;
; Auto Clock Enable Replacement                                              ; On                 ; On                 ;
; Strict RAM Replacement                                                     ; Off                ; Off                ;
; Allow Synchronous Control Signals                                          ; On                 ; On                 ;
; Force Use of Synchronous Clear Signals                                     ; Off                ; Off                ;
; Auto RAM Block Balancing                                                   ; On                 ; On                 ;
; Auto RAM to Logic Cell Conversion                                          ; Off                ; Off                ;
; Auto Resource Sharing                                                      ; Off                ; Off                ;
; Allow Any RAM Size For Recognition                                         ; Off                ; Off                ;
; Allow Any ROM Size For Recognition                                         ; Off                ; Off                ;
; Allow Any Shift Register Size For Recognition                              ; Off                ; Off                ;
; Use LogicLock Constraints during Resource Balancing                        ; On                 ; On                 ;
; Ignore translate_off and synthesis_off directives                          ; Off                ; Off                ;
; Timing-Driven Synthesis                                                    ; On                 ; On                 ;
; Report Parameter Settings                                                  ; On                 ; On                 ;
; Report Source Assignments                                                  ; On                 ; On                 ;
; Report Connectivity Checks                                                 ; On                 ; On                 ;
; Ignore Maximum Fan-Out Assignments                                         ; Off                ; Off                ;
; Synchronization Register Chain Length                                      ; 2                  ; 2                  ;
; PowerPlay Power Optimization                                               ; Normal compilation ; Normal compilation ;
; HDL message level                                                          ; Level2             ; Level2             ;
; Suppress Register Optimization Related Messages                            ; Off                ; Off                ;
; Number of Removed Registers Reported in Synthesis Report                   ; 5000               ; 5000               ;
; Number of Swept Nodes Reported in Synthesis Report                         ; 5000               ; 5000               ;
; Number of Inverted Registers Reported in Synthesis Report                  ; 100                ; 100                ;
; Clock MUX Protection                                                       ; On                 ; On                 ;
; Auto Gated Clock Conversion                                                ; Off                ; Off                ;
; Block Design Naming                                                        ; Auto               ; Auto               ;
; SDC constraint protection                                                  ; Off                ; Off                ;
; Synthesis Effort                                                           ; Auto               ; Auto               ;
; Shift Register Replacement - Allow Asynchronous Clear Signal               ; On                 ; On                 ;
; Pre-Mapping Resynthesis Optimization                                       ; Off                ; Off                ;
; Analysis & Synthesis Message Level                                         ; Medium             ; Medium             ;
; Disable Register Merging Across Hierarchies                                ; Auto               ; Auto               ;
; Resource Aware Inference For Block RAM                                     ; On                 ; On                 ;
; Synthesis Seed                                                             ; 1                  ; 1                  ;
+----------------------------------------------------------------------------+--------------------+--------------------+


Parallel compilation was disabled, but you have multiple processors available. Enable parallel compilation to reduce compilation time.
+-------------------------------------+
; Parallel Compilation                ;
+----------------------------+--------+
; Processors                 ; Number ;
+----------------------------+--------+
; Number detected on machine ; 8      ;
; Maximum allowed            ; 1      ;
+----------------------------+--------+


+-------------------------------------------------------------------------------------------------------------------------------------------------------------+
; Analysis & Synthesis Source Files Read                                                                                                                      ;
+-------------------------------------+-----------------+------------------------+------------------------------------------------------------------+---------+
; File Name with User-Entered Path    ; Used in Netlist ; File Type              ; File Name with Absolute Path                                     ; Library ;
+-------------------------------------+-----------------+------------------------+------------------------------------------------------------------+---------+
; simulation/modelsim/registers.mem   ; yes             ; User Unspecified File  ; K:/Verilogworkspace/Project3/simulation/modelsim/registers.mem   ;         ;
; simulation/modelsim/instruction.mem ; yes             ; User Unspecified File  ; K:/Verilogworkspace/Project3/simulation/modelsim/instruction.mem ;         ;
; simulation/modelsim/data.mem        ; yes             ; User Unspecified File  ; K:/Verilogworkspace/Project3/simulation/modelsim/data.mem        ;         ;
; mips_instr_mem.v                    ; yes             ; User Verilog HDL File  ; K:/Verilogworkspace/Project3/mips_instr_mem.v                    ;         ;
; mips_data_mem.v                     ; yes             ; User Verilog HDL File  ; K:/Verilogworkspace/Project3/mips_data_mem.v                     ;         ;
; mips_core.v                         ; yes             ; User Verilog HDL File  ; K:/Verilogworkspace/Project3/mips_core.v                         ;         ;
; mips_registers.v                    ; yes             ; User Verilog HDL File  ; K:/Verilogworkspace/Project3/mips_registers.v                    ;         ;
; ALU.v                               ; yes             ; User Verilog HDL File  ; K:/Verilogworkspace/Project3/ALU.v                               ;         ;
+-------------------------------------+-----------------+------------------------+------------------------------------------------------------------+---------+


+--------------------------------------------------------+
; Analysis & Synthesis Resource Usage Summary            ;
+---------------------------------------------+----------+
; Resource                                    ; Usage    ;
+---------------------------------------------+----------+
; Estimated Total logic elements              ; 194      ;
;                                             ;          ;
; Total combinational functions               ; 194      ;
; Logic element usage by number of LUT inputs ;          ;
;     -- 4 input functions                    ; 83       ;
;     -- 3 input functions                    ; 49       ;
;     -- <=2 input functions                  ; 62       ;
;                                             ;          ;
; Logic elements by mode                      ;          ;
;     -- normal mode                          ; 109      ;
;     -- arithmetic mode                      ; 85       ;
;                                             ;          ;
; Total registers                             ; 0        ;
;     -- Dedicated logic registers            ; 0        ;
;     -- I/O registers                        ; 0        ;
;                                             ;          ;
; I/O pins                                    ; 32       ;
; Embedded Multiplier 9-bit elements          ; 0        ;
; Maximum fan-out node                        ; PC[2]~52 ;
; Maximum fan-out                             ; 46       ;
; Total fan-out                               ; 663      ;
; Average fan-out                             ; 2.57     ;
+---------------------------------------------+----------+


+----------------------------------------------------------------------------------------------------------------------------------------------------------------------------------------------+
; Analysis & Synthesis Resource Utilization by Entity                                                                                                                                          ;
+------------------------------+-------------------+--------------+-------------+--------------+---------+-----------+------+--------------+------------------------------------+--------------+
; Compilation Hierarchy Node   ; LC Combinationals ; LC Registers ; Memory Bits ; DSP Elements ; DSP 9x9 ; DSP 18x18 ; Pins ; Virtual Pins ; Full Hierarchy Name                ; Library Name ;
+------------------------------+-------------------+--------------+-------------+--------------+---------+-----------+------+--------------+------------------------------------+--------------+
; |mips_core                   ; 194 (181)         ; 0 (0)        ; 0           ; 0            ; 0       ; 0         ; 32   ; 0            ; |mips_core                         ; work         ;
;    |mips_instr_mem:INSblock| ; 13 (13)           ; 0 (0)        ; 0           ; 0            ; 0       ; 0         ; 0    ; 0            ; |mips_core|mips_instr_mem:INSblock ; work         ;
+------------------------------+-------------------+--------------+-------------+--------------+---------+-----------+------+--------------+------------------------------------+--------------+
Note: For table entries with two numbers listed, the numbers in parentheses indicate the number of resources of the given type used by the specific entity alone. The numbers listed outside of parentheses indicate the total resources of the given type used by the specific entity and all of its sub-entities in the hierarchy.


+---------------------------------------------------------------------------------------------------+
; User-Specified and Inferred Latches                                                               ;
+----------------------------------------------------+---------------------+------------------------+
; Latch Name                                         ; Latch Enable Signal ; Free of Timing Hazards ;
+----------------------------------------------------+---------------------+------------------------+
; PC[28]                                             ; PC[30]              ; yes                    ;
; PC[29]                                             ; PC[30]              ; yes                    ;
; PC[30]                                             ; PC[30]              ; yes                    ;
; PC[31]                                             ; PC[30]              ; yes                    ;
; Number of user-specified and inferred latches = 4  ;                     ;                        ;
+----------------------------------------------------+---------------------+------------------------+
Note: All latches listed above may not be present at the end of synthesis due to various synthesis optimizations.


+-------------------------------------------------------------+
; Logic Cells Representing Combinational Loops                ;
+--------------------------------------------------------+----+
; Logic Cell Name                                        ;    ;
+--------------------------------------------------------+----+
; PC[2]~7                                                ;    ;
; PC[9]~0                                                ;    ;
; PC[8]~1                                                ;    ;
; PC[7]~2                                                ;    ;
; PC[6]~3                                                ;    ;
; PC[5]~4                                                ;    ;
; PC[4]~5                                                ;    ;
; PC[3]~6                                                ;    ;
; rtl~29                                                 ;    ;
; rtl~30                                                 ;    ;
; rtl~1                                                  ;    ;
; rtl~2                                                  ;    ;
; rtl~3                                                  ;    ;
; rtl~4                                                  ;    ;
; rtl~5                                                  ;    ;
; rtl~6                                                  ;    ;
; rtl~7                                                  ;    ;
; rtl~28                                                 ;    ;
; rtl~27                                                 ;    ;
; rtl~26                                                 ;    ;
; rtl~25                                                 ;    ;
; rtl~24                                                 ;    ;
; rtl~23                                                 ;    ;
; rtl~22                                                 ;    ;
; rtl~21                                                 ;    ;
; rtl~20                                                 ;    ;
; rtl~19                                                 ;    ;
; rtl~18                                                 ;    ;
; rtl~17                                                 ;    ;
; rtl~16                                                 ;    ;
; rtl~15                                                 ;    ;
; rtl~14                                                 ;    ;
; rtl~13                                                 ;    ;
; rtl~0                                                  ;    ;
; rtl~12                                                 ;    ;
; rtl~11                                                 ;    ;
; rtl~10                                                 ;    ;
; rtl~9                                                  ;    ;
; Number of logic cells representing combinational loops ; 38 ;
+--------------------------------------------------------+----+
Note: All cells listed above may not be present at the end of synthesis due to various synthesis optimizations.


+-------------------------------------------------------------------------------+
; Registers Removed During Synthesis                                            ;
+----------------------------------------+--------------------------------------+
; Register name                          ; Reason for Removal                   ;
+----------------------------------------+--------------------------------------+
; ALU:ALUblock|result[0..31]             ; Stuck at GND due to stuck port clock ;
; Total Number of Removed Registers = 32 ;                                      ;
+----------------------------------------+--------------------------------------+


+------------------------------------------------------+
; General Register Statistics                          ;
+----------------------------------------------+-------+
; Statistic                                    ; Value ;
+----------------------------------------------+-------+
; Total registers                              ; 0     ;
; Number of registers using Synchronous Clear  ; 0     ;
; Number of registers using Synchronous Load   ; 0     ;
; Number of registers using Asynchronous Clear ; 0     ;
; Number of registers using Asynchronous Load  ; 0     ;
; Number of registers using Clock Enable       ; 0     ;
; Number of registers using Preset             ; 0     ;
+----------------------------------------------+-------+


+------------------------------------------------------------------------------------------------------------------------------------------+
; Multiplexer Restructuring Statistics (Restructuring Performed)                                                                           ;
+--------------------+-----------+---------------+----------------------+------------------------+------------+----------------------------+
; Multiplexer Inputs ; Bus Width ; Baseline Area ; Area if Restructured ; Saving if Restructured ; Registered ; Example Multiplexer Output ;
+--------------------+-----------+---------------+----------------------+------------------------+------------+----------------------------+
; 3:1                ; 16 bits   ; 32 LEs        ; 16 LEs               ; 16 LEs                 ; No         ; |mips_core|result          ;
; 5:1                ; 16 bits   ; 48 LEs        ; 32 LEs               ; 16 LEs                 ; No         ; |mips_core|result          ;
; 6:1                ; 4 bits    ; 16 LEs        ; 8 LEs                ; 8 LEs                  ; No         ; |mips_core|PC[28]          ;
; 8:1                ; 18 bits   ; 90 LEs        ; 36 LEs               ; 54 LEs                 ; No         ; |mips_core|PC[25]          ;
; 8:1                ; 8 bits    ; 40 LEs        ; 16 LEs               ; 24 LEs                 ; No         ; |mips_core|PC[12]          ;
+--------------------+-----------+---------------+----------------------+------------------------+------------+----------------------------+


+-------------------------------+
; Elapsed Time Per Partition    ;
+----------------+--------------+
; Partition Name ; Elapsed Time ;
+----------------+--------------+
; Top            ; 00:00:01     ;
+----------------+--------------+


+-------------------------------+
; Analysis & Synthesis Messages ;
+-------------------------------+
Info: *******************************************************************
Info: Running Quartus II 64-Bit Analysis & Synthesis
    Info: Version 13.1.0 Build 162 10/23/2013 SJ Web Edition
    Info: Processing started: Wed Jan 03 21:05:42 2018
Info: Command: quartus_map --read_settings_files=on --write_settings_files=off 151044094 -c project02
Warning (20028): Parallel compilation is not licensed and has been disabled
Info (12021): Found 1 design units, including 1 entities, in source file mips_instr_mem.v
    Info (12023): Found entity 1: mips_instr_mem
Info (12021): Found 1 design units, including 1 entities, in source file mips_data_mem.v
    Info (12023): Found entity 1: mips_data_mem
Info (12021): Found 1 design units, including 1 entities, in source file mips_core_testbench.v
    Info (12023): Found entity 1: mips_testbench
Info (12021): Found 1 design units, including 1 entities, in source file mips_core.v
    Info (12023): Found entity 1: mips_core
Info (12021): Found 1 design units, including 1 entities, in source file mips_registers.v
    Info (12023): Found entity 1: mips_registers
Info (12021): Found 1 design units, including 1 entities, in source file mips_registers_testbench.v
    Info (12023): Found entity 1: mips_registers_testbench
Info (12021): Found 1 design units, including 1 entities, in source file alu.v
    Info (12023): Found entity 1: ALU
Info (12021): Found 1 design units, including 1 entities, in source file alu_testbench.v
    Info (12023): Found entity 1: ALU_testbench
Info (12021): Found 1 design units, including 1 entities, in source file mips_instr_mem_testbench.v
    Info (12023): Found entity 1: instruction_testbench
Info (12021): Found 1 design units, including 1 entities, in source file mips_data_mem_testbench.v
    Info (12023): Found entity 1: mips_data_mem_testbench
Info (12127): Elaborating entity "mips_core" for the top level hierarchy
Warning (10235): Verilog HDL Always Construct warning at mips_core.v(61): variable "clk" is read inside the Always Construct but isn't in the Always Construct's Event Control
Warning (10235): Verilog HDL Always Construct warning at mips_core.v(63): variable "ALU_result" is read inside the Always Construct but isn't in the Always Construct's Event Control
Warning (10235): Verilog HDL Always Construct warning at mips_core.v(69): variable "PC" is read inside the Always Construct but isn't in the Always Construct's Event Control
Warning (10235): Verilog HDL Always Construct warning at mips_core.v(109): variable "clk" is read inside the Always Construct but isn't in the Always Construct's Event Control
Warning (10235): Verilog HDL Always Construct warning at mips_core.v(112): variable "PC" is read inside the Always Construct but isn't in the Always Construct's Event Control
Warning (10235): Verilog HDL Always Construct warning at mips_core.v(114): variable "MEM_result" is read inside the Always Construct but isn't in the Always Construct's Event Control
Warning (10235): Verilog HDL Always Construct warning at mips_core.v(118): variable "ALU_result" is read inside the Always Construct but isn't in the Always Construct's Event Control
Warning (10235): Verilog HDL Always Construct warning at mips_core.v(128): variable "PC" is read inside the Always Construct but isn't in the Always Construct's Event Control
Warning (10235): Verilog HDL Always Construct warning at mips_core.v(131): variable "PC" is read inside the Always Construct but isn't in the Always Construct's Event Control
Warning (10235): Verilog HDL Always Construct warning at mips_core.v(133): variable "PC" is read inside the Always Construct but isn't in the Always Construct's Event Control
Warning (10235): Verilog HDL Always Construct warning at mips_core.v(139): variable "PC" is read inside the Always Construct but isn't in the Always Construct's Event Control
Warning (10235): Verilog HDL Always Construct warning at mips_core.v(142): variable "PC" is read inside the Always Construct but isn't in the Always Construct's Event Control
Warning (10240): Verilog HDL Always Construct warning at mips_core.v(38): inferring latch(es) for variable "PC", which holds its previous value in one or more paths through the always construct
Warning (10240): Verilog HDL Always Construct warning at mips_core.v(38): inferring latch(es) for variable "branchadress", which holds its previous value in one or more paths through the always construct
Warning (10240): Verilog HDL Always Construct warning at mips_core.v(38): inferring latch(es) for variable "jumpadress", which holds its previous value in one or more paths through the always construct
Info (10041): Inferred latch for "PC[0]" at mips_core.v(74)
Info (10041): Inferred latch for "PC[1]" at mips_core.v(74)
Info (10041): Inferred latch for "PC[28]" at mips_core.v(74)
Info (10041): Inferred latch for "PC[29]" at mips_core.v(74)
Info (10041): Inferred latch for "PC[30]" at mips_core.v(74)
Info (10041): Inferred latch for "PC[31]" at mips_core.v(74)
Info (12128): Elaborating entity "mips_registers" for hierarchy "mips_registers:regblock"
Warning (10235): Verilog HDL Always Construct warning at mips_registers.v(12): variable "clk" is read inside the Always Construct but isn't in the Always Construct's Event Control
Warning (10175): Verilog HDL warning at mips_registers.v(19): ignoring unsupported system task
Warning (10235): Verilog HDL Always Construct warning at mips_registers.v(23): variable "signal_reg_write" is read inside the Always Construct but isn't in the Always Construct's Event Control
Warning (10175): Verilog HDL warning at mips_registers.v(26): ignoring unsupported system task
Warning (10240): Verilog HDL Always Construct warning at mips_registers.v(10): inferring latch(es) for variable "x", which holds its previous value in one or more paths through the always construct
Warning (10240): Verilog HDL Always Construct warning at mips_registers.v(10): inferring latch(es) for variable "y", which holds its previous value in one or more paths through the always construct
Warning (10240): Verilog HDL Always Construct warning at mips_registers.v(10): inferring latch(es) for variable "read_data_1", which holds its previous value in one or more paths through the always construct
Warning (10240): Verilog HDL Always Construct warning at mips_registers.v(10): inferring latch(es) for variable "read_data_2", which holds its previous value in one or more paths through the always construct
Info (10041): Inferred latch for "read_data_2[0]" at mips_registers.v(23)
Info (10041): Inferred latch for "read_data_2[1]" at mips_registers.v(23)
Info (10041): Inferred latch for "read_data_2[2]" at mips_registers.v(23)
Info (10041): Inferred latch for "read_data_2[3]" at mips_registers.v(23)
Info (10041): Inferred latch for "read_data_2[4]" at mips_registers.v(23)
Info (10041): Inferred latch for "read_data_2[5]" at mips_registers.v(23)
Info (10041): Inferred latch for "read_data_2[6]" at mips_registers.v(23)
Info (10041): Inferred latch for "read_data_2[7]" at mips_registers.v(23)
Info (10041): Inferred latch for "read_data_2[8]" at mips_registers.v(23)
Info (10041): Inferred latch for "read_data_2[9]" at mips_registers.v(23)
Info (10041): Inferred latch for "read_data_2[10]" at mips_registers.v(23)
Info (10041): Inferred latch for "read_data_2[11]" at mips_registers.v(23)
Info (10041): Inferred latch for "read_data_2[12]" at mips_registers.v(23)
Info (10041): Inferred latch for "read_data_2[13]" at mips_registers.v(23)
Info (10041): Inferred latch for "read_data_2[14]" at mips_registers.v(23)
Info (10041): Inferred latch for "read_data_2[15]" at mips_registers.v(23)
Info (10041): Inferred latch for "read_data_2[16]" at mips_registers.v(23)
Info (10041): Inferred latch for "read_data_2[17]" at mips_registers.v(23)
Info (10041): Inferred latch for "read_data_2[18]" at mips_registers.v(23)
Info (10041): Inferred latch for "read_data_2[19]" at mips_registers.v(23)
Info (10041): Inferred latch for "read_data_2[20]" at mips_registers.v(23)
Info (10041): Inferred latch for "read_data_2[21]" at mips_registers.v(23)
Info (10041): Inferred latch for "read_data_2[22]" at mips_registers.v(23)
Info (10041): Inferred latch for "read_data_2[23]" at mips_registers.v(23)
Info (10041): Inferred latch for "read_data_2[24]" at mips_registers.v(23)
Info (10041): Inferred latch for "read_data_2[25]" at mips_registers.v(23)
Info (10041): Inferred latch for "read_data_2[26]" at mips_registers.v(23)
Info (10041): Inferred latch for "read_data_2[27]" at mips_registers.v(23)
Info (10041): Inferred latch for "read_data_2[28]" at mips_registers.v(23)
Info (10041): Inferred latch for "read_data_2[29]" at mips_registers.v(23)
Info (10041): Inferred latch for "read_data_2[30]" at mips_registers.v(23)
Info (10041): Inferred latch for "read_data_2[31]" at mips_registers.v(23)
Info (10041): Inferred latch for "read_data_1[0]" at mips_registers.v(23)
Info (10041): Inferred latch for "read_data_1[1]" at mips_registers.v(23)
Info (10041): Inferred latch for "read_data_1[2]" at mips_registers.v(23)
Info (10041): Inferred latch for "read_data_1[3]" at mips_registers.v(23)
Info (10041): Inferred latch for "read_data_1[4]" at mips_registers.v(23)
Info (10041): Inferred latch for "read_data_1[5]" at mips_registers.v(23)
Info (10041): Inferred latch for "read_data_1[6]" at mips_registers.v(23)
Info (10041): Inferred latch for "read_data_1[7]" at mips_registers.v(23)
Info (10041): Inferred latch for "read_data_1[8]" at mips_registers.v(23)
Info (10041): Inferred latch for "read_data_1[9]" at mips_registers.v(23)
Info (10041): Inferred latch for "read_data_1[10]" at mips_registers.v(23)
Info (10041): Inferred latch for "read_data_1[11]" at mips_registers.v(23)
Info (10041): Inferred latch for "read_data_1[12]" at mips_registers.v(23)
Info (10041): Inferred latch for "read_data_1[13]" at mips_registers.v(23)
Info (10041): Inferred latch for "read_data_1[14]" at mips_registers.v(23)
Info (10041): Inferred latch for "read_data_1[15]" at mips_registers.v(23)
Info (10041): Inferred latch for "read_data_1[16]" at mips_registers.v(23)
Info (10041): Inferred latch for "read_data_1[17]" at mips_registers.v(23)
Info (10041): Inferred latch for "read_data_1[18]" at mips_registers.v(23)
Info (10041): Inferred latch for "read_data_1[19]" at mips_registers.v(23)
Info (10041): Inferred latch for "read_data_1[20]" at mips_registers.v(23)
Info (10041): Inferred latch for "read_data_1[21]" at mips_registers.v(23)
Info (10041): Inferred latch for "read_data_1[22]" at mips_registers.v(23)
Info (10041): Inferred latch for "read_data_1[23]" at mips_registers.v(23)
Info (10041): Inferred latch for "read_data_1[24]" at mips_registers.v(23)
Info (10041): Inferred latch for "read_data_1[25]" at mips_registers.v(23)
Info (10041): Inferred latch for "read_data_1[26]" at mips_registers.v(23)
Info (10041): Inferred latch for "read_data_1[27]" at mips_registers.v(23)
Info (10041): Inferred latch for "read_data_1[28]" at mips_registers.v(23)
Info (10041): Inferred latch for "read_data_1[29]" at mips_registers.v(23)
Info (10041): Inferred latch for "read_data_1[30]" at mips_registers.v(23)
Info (10041): Inferred latch for "read_data_1[31]" at mips_registers.v(23)
Info (12128): Elaborating entity "ALU" for hierarchy "ALU:ALUblock"
Info (12128): Elaborating entity "mips_data_mem" for hierarchy "mips_data_mem:MEMblock"
Warning (10235): Verilog HDL Always Construct warning at mips_data_mem.v(14): variable "clk" is read inside the Always Construct but isn't in the Always Construct's Event Control
Warning (10235): Verilog HDL Always Construct warning at mips_data_mem.v(16): variable "sig_mem_read" is read inside the Always Construct but isn't in the Always Construct's Event Control
Warning (10235): Verilog HDL Always Construct warning at mips_data_mem.v(18): variable "opcode" is read inside the Always Construct but isn't in the Always Construct's Event Control
Warning (10235): Verilog HDL Always Construct warning at mips_data_mem.v(20): variable "opcode" is read inside the Always Construct but isn't in the Always Construct's Event Control
Warning (10235): Verilog HDL Always Construct warning at mips_data_mem.v(22): variable "opcode" is read inside the Always Construct but isn't in the Always Construct's Event Control
Warning (10235): Verilog HDL Always Construct warning at mips_data_mem.v(24): variable "opcode" is read inside the Always Construct but isn't in the Always Construct's Event Control
Warning (10235): Verilog HDL Always Construct warning at mips_data_mem.v(28): variable "sig_mem_write" is read inside the Always Construct but isn't in the Always Construct's Event Control
Warning (10235): Verilog HDL Always Construct warning at mips_data_mem.v(30): variable "opcode" is read inside the Always Construct but isn't in the Always Construct's Event Control
Warning (10235): Verilog HDL Always Construct warning at mips_data_mem.v(32): variable "opcode" is read inside the Always Construct but isn't in the Always Construct's Event Control
Warning (10235): Verilog HDL Always Construct warning at mips_data_mem.v(34): variable "opcode" is read inside the Always Construct but isn't in the Always Construct's Event Control
Warning (10235): Verilog HDL Always Construct warning at mips_data_mem.v(36): variable "opcode" is read inside the Always Construct but isn't in the Always Construct's Event Control
Warning (10175): Verilog HDL warning at mips_data_mem.v(38): ignoring unsupported system task
Warning (10240): Verilog HDL Always Construct warning at mips_data_mem.v(13): inferring latch(es) for variable "read_data", which holds its previous value in one or more paths through the always construct
Info (10041): Inferred latch for "read_data[0]" at mips_data_mem.v(14)
Info (10041): Inferred latch for "read_data[1]" at mips_data_mem.v(14)
Info (10041): Inferred latch for "read_data[2]" at mips_data_mem.v(14)
Info (10041): Inferred latch for "read_data[3]" at mips_data_mem.v(14)
Info (10041): Inferred latch for "read_data[4]" at mips_data_mem.v(14)
Info (10041): Inferred latch for "read_data[5]" at mips_data_mem.v(14)
Info (10041): Inferred latch for "read_data[6]" at mips_data_mem.v(14)
Info (10041): Inferred latch for "read_data[7]" at mips_data_mem.v(14)
Info (10041): Inferred latch for "read_data[8]" at mips_data_mem.v(14)
Info (10041): Inferred latch for "read_data[9]" at mips_data_mem.v(14)
Info (10041): Inferred latch for "read_data[10]" at mips_data_mem.v(14)
Info (10041): Inferred latch for "read_data[11]" at mips_data_mem.v(14)
Info (10041): Inferred latch for "read_data[12]" at mips_data_mem.v(14)
Info (10041): Inferred latch for "read_data[13]" at mips_data_mem.v(14)
Info (10041): Inferred latch for "read_data[14]" at mips_data_mem.v(14)
Info (10041): Inferred latch for "read_data[15]" at mips_data_mem.v(14)
Info (10041): Inferred latch for "read_data[16]" at mips_data_mem.v(14)
Info (10041): Inferred latch for "read_data[17]" at mips_data_mem.v(14)
Info (10041): Inferred latch for "read_data[18]" at mips_data_mem.v(14)
Info (10041): Inferred latch for "read_data[19]" at mips_data_mem.v(14)
Info (10041): Inferred latch for "read_data[20]" at mips_data_mem.v(14)
Info (10041): Inferred latch for "read_data[21]" at mips_data_mem.v(14)
Info (10041): Inferred latch for "read_data[22]" at mips_data_mem.v(14)
Info (10041): Inferred latch for "read_data[23]" at mips_data_mem.v(14)
Info (10041): Inferred latch for "read_data[24]" at mips_data_mem.v(14)
Info (10041): Inferred latch for "read_data[25]" at mips_data_mem.v(14)
Info (10041): Inferred latch for "read_data[26]" at mips_data_mem.v(14)
Info (10041): Inferred latch for "read_data[27]" at mips_data_mem.v(14)
Info (10041): Inferred latch for "read_data[28]" at mips_data_mem.v(14)
Info (10041): Inferred latch for "read_data[29]" at mips_data_mem.v(14)
Info (10041): Inferred latch for "read_data[30]" at mips_data_mem.v(14)
Info (10041): Inferred latch for "read_data[31]" at mips_data_mem.v(14)
Info (12128): Elaborating entity "mips_instr_mem" for hierarchy "mips_instr_mem:INSblock"
Warning (10850): Verilog HDL warning at mips_instr_mem.v(9): number of words (6) in memory file does not match the number of elements in the address range [0:254]
Warning (10030): Net "instruction_mem[254..6]" at mips_instr_mem.v(5) has no driver or initial value, using a default initial value '0'
Warning (12011): Net is missing source, defaulting to GND
    Warning (12110): Net "clk" is missing source, defaulting to GND
Warning (14025): LATCH primitive "mips_data_mem:MEMblock|read_data[12]" is permanently disabled
Warning (14025): LATCH primitive "mips_data_mem:MEMblock|read_data[9]" is permanently disabled
Warning (14025): LATCH primitive "mips_data_mem:MEMblock|read_data[8]" is permanently disabled
Warning (14025): LATCH primitive "mips_data_mem:MEMblock|read_data[7]" is permanently disabled
Warning (14025): LATCH primitive "mips_data_mem:MEMblock|read_data[6]" is permanently disabled
Warning (14025): LATCH primitive "mips_data_mem:MEMblock|read_data[5]" is permanently disabled
Warning (14025): LATCH primitive "mips_data_mem:MEMblock|read_data[4]" is permanently disabled
Warning (14025): LATCH primitive "mips_data_mem:MEMblock|read_data[3]" is permanently disabled
Warning (14025): LATCH primitive "mips_data_mem:MEMblock|read_data[2]" is permanently disabled
Warning (14025): LATCH primitive "mips_data_mem:MEMblock|read_data[1]" is permanently disabled
Warning (14025): LATCH primitive "mips_data_mem:MEMblock|read_data[0]" is permanently disabled
Warning (14026): LATCH primitive "mips_registers:regblock|read_data_1[12]" is permanently enabled
Warning (14026): LATCH primitive "mips_registers:regblock|read_data_1[9]" is permanently enabled
Warning (14026): LATCH primitive "mips_registers:regblock|read_data_1[8]" is permanently enabled
Warning (14026): LATCH primitive "mips_registers:regblock|read_data_1[7]" is permanently enabled
Warning (14026): LATCH primitive "mips_registers:regblock|read_data_1[5]" is permanently enabled
Warning (14026): LATCH primitive "mips_registers:regblock|read_data_1[4]" is permanently enabled
Warning (14026): LATCH primitive "mips_registers:regblock|read_data_1[3]" is permanently enabled
Warning (14026): LATCH primitive "mips_registers:regblock|read_data_1[2]" is permanently enabled
Warning (14026): LATCH primitive "mips_registers:regblock|read_data_1[1]" is permanently enabled
Warning (14026): LATCH primitive "mips_registers:regblock|read_data_1[0]" is permanently enabled
Warning (14026): LATCH primitive "mips_registers:regblock|read_data_2[12]" is permanently enabled
Warning (14026): LATCH primitive "mips_registers:regblock|read_data_2[9]" is permanently enabled
Warning (14026): LATCH primitive "mips_registers:regblock|read_data_2[8]" is permanently enabled
Warning (14026): LATCH primitive "mips_registers:regblock|read_data_2[7]" is permanently enabled
Warning (14026): LATCH primitive "mips_registers:regblock|read_data_2[5]" is permanently enabled
Warning (14026): LATCH primitive "mips_registers:regblock|read_data_2[4]" is permanently enabled
Warning (14026): LATCH primitive "mips_registers:regblock|read_data_2[3]" is permanently enabled
Warning (14026): LATCH primitive "mips_registers:regblock|read_data_2[2]" is permanently enabled
Warning (14026): LATCH primitive "mips_registers:regblock|read_data_2[1]" is permanently enabled
Warning (14026): LATCH primitive "mips_registers:regblock|read_data_2[0]" is permanently enabled
Warning (13012): Latch PC[28] has unsafe behavior
    Warning (13013): Ports D and ENA on the latch are fed by the same signal PC[9]~0
Warning (13012): Latch PC[29] has unsafe behavior
    Warning (13013): Ports D and ENA on the latch are fed by the same signal PC[9]~0
Warning (13012): Latch PC[30] has unsafe behavior
    Warning (13013): Ports D and ENA on the latch are fed by the same signal PC[9]~0
Warning (13012): Latch PC[31] has unsafe behavior
    Warning (13013): Ports D and ENA on the latch are fed by the same signal PC[9]~0
Warning (13024): Output pins are stuck at VCC or GND
    Warning (13410): Pin "result[0]" is stuck at GND
    Warning (13410): Pin "result[1]" is stuck at GND
Info (286030): Timing-Driven Synthesis is running
Info (16010): Generating hard_block partition "hard_block:auto_generated_inst"
    Info (16011): Adding 0 node(s), including 0 DDIO, 0 PLL, 0 transceiver and 0 LCELL
Info (21057): Implemented 226 device resources after synthesis - the final resource count might be different
    Info (21058): Implemented 0 input pins
    Info (21059): Implemented 32 output pins
    Info (21061): Implemented 194 logic cells
Info: Quartus II 64-Bit Analysis & Synthesis was successful. 0 errors, 83 warnings
    Info: Peak virtual memory: 509 megabytes
    Info: Processing ended: Wed Jan 03 21:05:44 2018
    Info: Elapsed time: 00:00:02
    Info: Total CPU time (on all processors): 00:00:03


